MPASM 5.87                        LAB_06.ASM   11-2-2023  17:05:58         PAGE  1


LOC  OBJECT CODE     LINE SOURCE TEXT
  VALUE

                      00001 ; Assembly source line config statements
                      00002 #include "p16f886.inc"
                      00001         LIST
                      00002 
                      00003 ;==========================================================================
                      00004 ; Build date : Jan 06 2020
                      00005 ;  MPASM PIC16F886 processor include
                      00006 ; 
                      00007 ;  (c) Copyright 1999-2020 Microchip Technology, All rights reserved
                      00008 ;==========================================================================
                      00009 
                      00779         LIST
                      00003 
                      00004 ; CONFIG1
                      00005 ; Configure oscillator, watchdog timer, power-up timer, reset, code protection, and more
Warning[205]: Found directive in column 1. (__CONFIG)
2007   20D4           00006 __CONFIG _CONFIG1, _FOSC_INTRC_NOCLKOUT & _WDTE_OFF & _PWRTE_OFF & _MCLRE_OFF & _CP_OFF & _CPD_OFF & _BO
                            REN_OFF & _IESO_OFF & _FCMEN_OFF & _LVP_OFF
                      00007 
                      00008 ; CONFIG2
                      00009 ; Configure brown-out reset voltage and write protection
Warning[205]: Found directive in column 1. (__CONFIG)
2008   3EFF           00010 __CONFIG _CONFIG2, _BOR4V_BOR21V & _WRT_OFF
                      00011 
                      00012 ; All variables needed
                      00013 Vars    UDATA
0000                  00014 Count1 res 1    ; used for debounce loop
0001                  00015 Count2 res 1    ; used for debounce loop
                      00016 ;LEDdisp res 1  ; used for immediate display to LEDs (commented out)
0002                  00017 currInput res 1    ; used for storing the current number (incremented with each SW1 press)
0003                  00018 num1 res 1    ; used for storing the 1st number
0004                  00019 num2 res 1    ; used for storing the 2nd number
0005                  00020 interNum res 1    ; used for storing the number of interrupts
                      00021 
                      00022 ; Program entry point after power-on reset
                      00023 PwrOnRst    CODE    0x0
0000   2???           00024     goto Init
                      00025 
                      00026 ; Interrupt vector
                      00027 IntVect     CODE    0x4
0004   ???? ????      00028     banksel interNum
0006   1C00           00029     btfss interNum, 0x0
0007   2???           00030     goto first
0008   1C80           00031     btfss interNum, 0x1
0009   2???           00032     goto second
000A   2???           00033     goto third
                      00034     
                      00035     ; Store the first number in the first interrupt
Warning[207]: Found label after column 1. (first)
000B                  00036     first:
000B   2???           00037     call Debounce
000C   ???? ????      00038     banksel currInput
000E   08??           00039     movf currInput, 0
MPASM 5.87                        LAB_06.ASM   11-2-2023  17:05:58         PAGE  2


LOC  OBJECT CODE     LINE SOURCE TEXT
  VALUE

000F   00??           00040     movwf num1
0010   01??           00041     clrf currInput
0011   1400           00042     bsf interNum, 0x0 ; set bit 0 in the bitfield to 1
0012   1283 1303      00043     banksel INTCON
0014   100B           00044     bcf INTCON, 0 ; Reset the interrupt PORTB flag
0015   0009           00045     retfie
                      00046     
                      00047     ; Store the second number, calculate the result, and display the number on LEDs     
Warning[207]: Found label after column 1. (second)
0016                  00048     second:
0016   2???           00049     call Debounce
0017   ???? ????      00050     banksel currInput
0019   08??           00051     movf currInput, 0
001A   00??           00052     movwf num2
001B   01??           00053     clrf currInput
001C   07??           00054     addwf num1, 0 ; add num1 with num2 and store in W
001D   00??           00055     movwf currInput
                      00056     ;movwf LEDdisp (commented out)
001E   1283 1303      00057     banksel PORTB
0020   0086           00058     movwf PORTB ; Move the result into LEDs
0021   1480           00059     bsf interNum, 0x1 ; set bit 1 in the bitfield to 1
0022   1283 1303      00060     banksel INTCON
0024   100B           00061     bcf INTCON, 0 ; Reset the interrupt PORTB flag
0025   0009           00062     retfie
                      00063 
Warning[207]: Found label after column 1. (third)
0026                  00064     third:
0026   2???           00065     call Debounce
0027   01??           00066     clrf currInput
                      00067     ;clrf LEDdisp (commented out)
0028   01??           00068     clrf interNum
0029   01??           00069     clrf num1
002A   01??           00070     clrf num2
002B   1283 1303      00071     banksel INTCON
002D   100B           00072     bcf INTCON, 0 ; Reset the interrupt PORTB flag
002E   2???           00073     call Debounce
002F   0009           00074     retfie
                      00075 
                      00076 UsrCode     CODE
0000                  00077 Init:
                      00078     ; Set the clock rate to the default 4MHz
                      00079 
                      00080     ; Initialize SW2 and LEDs
0000   1683 1703      00081     banksel ANSELH
Message[302]: Register in operand not in bank 0.  Ensure that bank bits are correct.
0002   0189           00082     clrf ANSELH ; Make analog select digital I/O
0003   1683 1303      00083     banksel TRISB
Message[302]: Register in operand not in bank 0.  Ensure that bank bits are correct.
0005   0186           00084     clrf TRISB
Message[302]: Register in operand not in bank 0.  Ensure that bank bits are correct.
0006   1686           00085     bsf TRISB, 5 ; Set RB5 as an input for SW2
0007   1283 1303      00086     banksel PORTB
0009   0186           00087     clrf PORTB ; Initialize PortB
MPASM 5.87                        LAB_06.ASM   11-2-2023  17:05:58         PAGE  3


LOC  OBJECT CODE     LINE SOURCE TEXT
  VALUE

                      00088 
                      00089     ; Initialize SW1 as an input
000A   1683 1703      00090     banksel ANSEL
Message[302]: Register in operand not in bank 0.  Ensure that bank bits are correct.
000C   0188           00091     clrf ANSEL ; Set PortE for digital I/O
000D   1683 1303      00092     banksel TRISE
Message[302]: Register in operand not in bank 0.  Ensure that bank bits are correct.
000F   0189           00093     clrf TRISE
Message[302]: Register in operand not in bank 0.  Ensure that bank bits are correct.
0010   1589           00094     bsf TRISE, 3 ; Set RE3 as an input for Sw1
0011   1283 1303      00095     banksel PORTE
0013   0189           00096     clrf PORTE ; Initialize PortE
                      00097 
                      00098     ; Enable PORTB interrupts
0014   1683 1303      00099     banksel IOCB
Message[302]: Register in operand not in bank 0.  Ensure that bank bits are correct.
0016   1696           00100     bsf IOCB, 0x05
0017   1283 1303      00101     banksel INTCON
0019   018B           00102     clrf INTCON
001A   178B           00103     bsf INTCON, 7 ; GIE (Global Interrupt Enable)
001B   158B           00104     bsf INTCON, 3 ; RBIE (PortB Change Interrupt Enable)
001C   100B           00105     bcf INTCON, 0 ; RBIF (Reset PortB Change Interrupt Flag)
                      00106 
                      00107     ; Initialize all variables to a start value
001D   ???? ????      00108     banksel Count1
001F   01??           00109     clrf Count1
0020   01??           00110     clrf Count2
                      00111     ;clrf LEDdisp (commented out)
0021   01??           00112     clrf currInput
0022   01??           00113     clrf num1
0023   01??           00114     clrf num2
0024   01??           00115     clrf interNum
                      00116 
0025                  00117 Main:
0025   2???           00118     call Debounce ; Fix phantom SW1 press on startup because of Vpp directly connected to RE3, which is 
                            connected to SW1
                      00119 
0026                  00120 Main_loop:
0026   1283 1303      00121     banksel PORTE
0028   1D89           00122     btfss PORTE, 3
0029   2???           00123     call SW1_Pressed
002A   ???? ????      00124     banksel currInput
002C   08??           00125     movf currInput, 0
                      00126     ;movwf LEDdisp (commented out)
002D   0086           00127     movwf PORTB
002E   2???           00128     goto Main_loop
                      00129 
002F                  00130 SW1_Pressed:
002F   2???           00131     call Debounce
0030   1880           00132     btfsc interNum, 0x1
0031   0008           00133     return ; Don't do anything when SW1 is pressed if waiting on the third interrupt
0032   ???? ????      00134     banksel currInput
0034   0A??           00135     incf currInput, 1
MPASM 5.87                        LAB_06.ASM   11-2-2023  17:05:58         PAGE  4


LOC  OBJECT CODE     LINE SOURCE TEXT
  VALUE

0035   1980           00136     btfsc currInput, 0x3
0036   2???           00137     call inputOverflow
0037   0008           00138     return
                      00139 
                      00140 ; If currInput becomes 8, clear it to 0    
0038                  00141 inputOverflow:
0038   ???? ????      00142     banksel currInput
003A   01??           00143     clrf currInput
003B   0008           00144     return
                      00145 
                      00146 ; Used to debounce the button presses
                      00147 ; Used as a delay to eliminate button bounce and provide a pause before the button can turn it off
003C                  00148 Debounce:
003C   ???? ????      00149     banksel Count1
003E                  00150 DeBounceLoop:
003E   0B??           00151     decfsz Count1, f
003F   2???           00152     goto DeBounceLoop
0040   0B??           00153     decfsz Count2, f
0041   2???           00154     goto DeBounceLoop
0042   0008           00155     return
Warning[205]: Found directive in column 1. (end)
20D4 3EFF             00156 end
MPASM 5.87                        LAB_06.ASM   11-2-2023  17:05:58         PAGE  5


SYMBOL TABLE
  LABEL                             VALUE 

ABDEN                             00000000
ABDOVF                            00000007
ACKDT                             00000005
ACKEN                             00000004
ACKSTAT                           00000006
ADCON0                            0000001F
ADCON1                            0000009F
ADCS0                             00000006
ADCS1                             00000007
ADDEN                             00000003
ADFM                              00000007
ADIE                              00000006
ADIF                              00000006
ADON                              00000000
ADRESH                            0000001E
ADRESL                            0000009E
ANS0                              00000000
ANS1                              00000001
ANS10                             00000002
ANS11                             00000003
ANS12                             00000004
ANS13                             00000005
ANS2                              00000002
ANS3                              00000003
ANS4                              00000004
ANS8                              00000000
ANS9                              00000001
ANSEL                             00000188
ANSELH                            00000189
BAUDCTL                           00000187
BCLIE                             00000003
BCLIF                             00000003
BF                                00000000
BRG0                              00000000
BRG1                              00000001
BRG10                             00000002
BRG11                             00000003
BRG12                             00000004
BRG13                             00000005
BRG14                             00000006
BRG15                             00000007
BRG16                             00000003
BRG2                              00000002
BRG3                              00000003
BRG4                              00000004
BRG5                              00000005
BRG6                              00000006
BRG7                              00000007
BRG8                              00000000
BRG9                              00000001
BRGH                              00000002
C                                 00000000
C1CH0                             00000000
MPASM 5.87                        LAB_06.ASM   11-2-2023  17:05:58         PAGE  6


SYMBOL TABLE
  LABEL                             VALUE 

C1CH1                             00000001
C1IE                              00000005
C1IF                              00000005
C1OE                              00000005
C1ON                              00000007
C1OUT                             00000006
C1POL                             00000004
C1R                               00000002
C1RSEL                            00000005
C1SEN                             00000005
C2CH0                             00000000
C2CH1                             00000001
C2IE                              00000006
C2IF                              00000006
C2OE                              00000005
C2ON                              00000007
C2OUT                             00000006
C2POL                             00000004
C2R                               00000002
C2REN                             00000004
C2RSEL                            00000004
C2SYNC                            00000000
CCP1CON                           00000017
CCP1IE                            00000002
CCP1IF                            00000002
CCP1M0                            00000000
CCP1M1                            00000001
CCP1M2                            00000002
CCP1M3                            00000003
CCP1X                             00000005
CCP1Y                             00000004
CCP2CON                           0000001D
CCP2IE                            00000000
CCP2IF                            00000000
CCP2M0                            00000000
CCP2M1                            00000001
CCP2M2                            00000002
CCP2M3                            00000003
CCP2X                             00000005
CCP2Y                             00000004
CCPR1                             00000015
CCPR1H                            00000016
CCPR1L                            00000015
CCPR2                             0000001B
CCPR2H                            0000001C
CCPR2L                            0000001B
CHS0                              00000002
CHS1                              00000003
CHS2                              00000004
CHS3                              00000005
CKE                               00000006
CKP                               00000004
CM1CON0                           00000107
MPASM 5.87                        LAB_06.ASM   11-2-2023  17:05:58         PAGE  7


SYMBOL TABLE
  LABEL                             VALUE 

CM2CON0                           00000108
CM2CON1                           00000109
CREN                              00000004
CSRC                              00000007
Count1                            00000000
Count2                            00000001
D                                 00000005
DATA_ADDRESS                      00000005
DC                                00000001
DC1B0                             00000004
DC1B1                             00000005
DC2B0                             00000004
DC2B1                             00000005
D_A                               00000005
D_NOT_A                           00000005
DeBounceLoop                      0000003E
Debounce                          0000003C
ECCPAS                            0000009C
ECCPAS0                           00000004
ECCPAS1                           00000005
ECCPAS2                           00000006
ECCPASE                           00000007
EEADR                             0000010D
EEADRH                            0000010F
EECON1                            0000018C
EECON2                            0000018D
EEDAT                             0000010C
EEDATA                            0000010C
EEDATH                            0000010E
EEIE                              00000004
EEIF                              00000004
EEPGD                             00000007
F                                 00000001
FERR                              00000002
FSR                               00000004
FVREN                             00000000
GCEN                              00000007
GIE                               00000007
GO                                00000001
GO_DONE                           00000001
GO_NOT_DONE                       00000001
HTS                               00000002
I2C_DATA                          00000005
I2C_READ                          00000002
I2C_START                         00000003
I2C_STOP                          00000004
INDF                              00000000
INTCON                            0000000B
INTE                              00000004
INTEDG                            00000006
INTF                              00000001
IOCB                              00000096
IOCB0                             00000000
MPASM 5.87                        LAB_06.ASM   11-2-2023  17:05:58         PAGE  8


SYMBOL TABLE
  LABEL                             VALUE 

IOCB1                             00000001
IOCB2                             00000002
IOCB3                             00000003
IOCB4                             00000004
IOCB5                             00000005
IOCB6                             00000006
IOCB7                             00000007
IRCF0                             00000004
IRCF1                             00000005
IRCF2                             00000006
IRP                               00000007
Init                              00000000
LTS                               00000001
MC1OUT                            00000007
MC2OUT                            00000006
MSK                               00000093
MSK0                              00000000
MSK1                              00000001
MSK2                              00000002
MSK3                              00000003
MSK4                              00000004
MSK5                              00000005
MSK6                              00000006
MSK7                              00000007
Main                              00000025
Main_loop                         00000026
NOT_A                             00000005
NOT_ADDRESS                       00000005
NOT_BO                            00000000
NOT_BOR                           00000000
NOT_DONE                          00000001
NOT_PD                            00000003
NOT_POR                           00000001
NOT_RBPU                          00000007
NOT_RC8                           00000006
NOT_T1SYNC                        00000002
NOT_TO                            00000004
NOT_TX8                           00000006
NOT_W                             00000002
NOT_WRITE                         00000002
OERR                              00000001
OPTION_REG                        00000081
OSCCON                            0000008F
OSCTUNE                           00000090
OSFIE                             00000007
OSFIF                             00000007
OSTS                              00000003
P                                 00000004
P1M0                              00000006
P1M1                              00000007
PCL                               00000002
PCLATH                            0000000A
PCON                              0000008E
MPASM 5.87                        LAB_06.ASM   11-2-2023  17:05:58         PAGE  9


SYMBOL TABLE
  LABEL                             VALUE 

PDC0                              00000000
PDC1                              00000001
PDC2                              00000002
PDC3                              00000003
PDC4                              00000004
PDC5                              00000005
PDC6                              00000006
PEIE                              00000006
PEN                               00000002
PIE1                              0000008C
PIE2                              0000008D
PIR1                              0000000C
PIR2                              0000000D
PORTA                             00000005
PORTB                             00000006
PORTC                             00000007
PORTE                             00000009
PR2                               00000092
PRSEN                             00000007
PS0                               00000000
PS1                               00000001
PS2                               00000002
PSA                               00000003
PSSAC0                            00000002
PSSAC1                            00000003
PSSBD0                            00000000
PSSBD1                            00000001
PSTRCON                           0000009D
PULSR                             00000002
PULSS                             00000003
PWM1CON                           0000009B
R                                 00000002
RA0                               00000000
RA1                               00000001
RA2                               00000002
RA3                               00000003
RA4                               00000004
RA5                               00000005
RA6                               00000006
RA7                               00000007
RB0                               00000000
RB1                               00000001
RB2                               00000002
RB3                               00000003
RB4                               00000004
RB5                               00000005
RB6                               00000006
RB7                               00000007
RBIE                              00000003
RBIF                              00000000
RC0                               00000000
RC1                               00000001
RC2                               00000002
MPASM 5.87                        LAB_06.ASM   11-2-2023  17:05:58         PAGE 10


SYMBOL TABLE
  LABEL                             VALUE 

RC3                               00000003
RC4                               00000004
RC5                               00000005
RC6                               00000006
RC7                               00000007
RC8_9                             00000006
RC9                               00000006
RCD8                              00000000
RCEN                              00000003
RCIDL                             00000006
RCIE                              00000005
RCIF                              00000005
RCREG                             0000001A
RCSTA                             00000018
RD                                00000000
RE3                               00000003
READ_WRITE                        00000002
RP0                               00000005
RP1                               00000006
RSEN                              00000001
RX9                               00000006
RX9D                              00000000
R_NOT_W                           00000002
R_W                               00000002
S                                 00000003
SBOREN                            00000004
SCKP                              00000004
SCS                               00000000
SEN                               00000000
SENDB                             00000003
SMP                               00000007
SPBRG                             00000099
SPBRGH                            0000009A
SPEN                              00000007
SR0                               00000006
SR1                               00000007
SRCON                             00000185
SREN                              00000005
SSPADD                            00000093
SSPBUF                            00000013
SSPCON                            00000014
SSPCON2                           00000091
SSPEN                             00000005
SSPIE                             00000003
SSPIF                             00000003
SSPM0                             00000000
SSPM1                             00000001
SSPM2                             00000002
SSPM3                             00000003
SSPMSK                            00000093
SSPOV                             00000006
SSPSTAT                           00000094
STATUS                            00000003
MPASM 5.87                        LAB_06.ASM   11-2-2023  17:05:58         PAGE 11


SYMBOL TABLE
  LABEL                             VALUE 

STRA                              00000000
STRB                              00000001
STRC                              00000002
STRD                              00000003
STRSYNC                           00000004
SW1_Pressed                       0000002F
SWDTEN                            00000000
SYNC                              00000004
T0CS                              00000005
T0IE                              00000005
T0IF                              00000002
T0SE                              00000004
T1CKPS0                           00000004
T1CKPS1                           00000005
T1CON                             00000010
T1GINV                            00000007
T1GIV                             00000007
T1GSS                             00000001
T1INSYNC                          00000002
T1OSCEN                           00000003
T1SYNC                            00000002
T2CKPS0                           00000000
T2CKPS1                           00000001
T2CON                             00000012
TMR0                              00000001
TMR0IE                            00000005
TMR0IF                            00000002
TMR1                              0000000E
TMR1CS                            00000001
TMR1GE                            00000006
TMR1H                             0000000F
TMR1IE                            00000000
TMR1IF                            00000000
TMR1L                             0000000E
TMR1ON                            00000000
TMR2                              00000011
TMR2IE                            00000001
TMR2IF                            00000001
TMR2ON                            00000002
TOUTPS0                           00000003
TOUTPS1                           00000004
TOUTPS2                           00000005
TOUTPS3                           00000006
TRISA                             00000085
TRISA0                            00000000
TRISA1                            00000001
TRISA2                            00000002
TRISA3                            00000003
TRISA4                            00000004
TRISA5                            00000005
TRISA6                            00000006
TRISA7                            00000007
TRISB                             00000086
MPASM 5.87                        LAB_06.ASM   11-2-2023  17:05:58         PAGE 12


SYMBOL TABLE
  LABEL                             VALUE 

TRISB0                            00000000
TRISB1                            00000001
TRISB2                            00000002
TRISB3                            00000003
TRISB4                            00000004
TRISB5                            00000005
TRISB6                            00000006
TRISB7                            00000007
TRISC                             00000087
TRISC0                            00000000
TRISC1                            00000001
TRISC2                            00000002
TRISC3                            00000003
TRISC4                            00000004
TRISC5                            00000005
TRISC6                            00000006
TRISC7                            00000007
TRISE                             00000089
TRISE3                            00000003
TRMT                              00000001
TUN0                              00000000
TUN1                              00000001
TUN2                              00000002
TUN3                              00000003
TUN4                              00000004
TX8_9                             00000006
TX9                               00000006
TX9D                              00000000
TXD8                              00000000
TXEN                              00000005
TXIE                              00000004
TXIF                              00000004
TXREG                             00000019
TXSTA                             00000098
UA                                00000001
ULPWUE                            00000005
ULPWUIE                           00000002
ULPWUIF                           00000002
VCFG0                             00000004
VCFG1                             00000005
VR0                               00000000
VR1                               00000001
VR2                               00000002
VR3                               00000003
VRCON                             00000097
VREN                              00000007
VROE                              00000006
VRR                               00000005
VRSS                              00000004
W                                 00000000
WCOL                              00000007
WDTCON                            00000105
WDTPS0                            00000001
MPASM 5.87                        LAB_06.ASM   11-2-2023  17:05:58         PAGE 13


SYMBOL TABLE
  LABEL                             VALUE 

WDTPS1                            00000002
WDTPS2                            00000003
WDTPS3                            00000004
WPUB                              00000095
WPUB0                             00000000
WPUB1                             00000001
WPUB2                             00000002
WPUB3                             00000003
WPUB4                             00000004
WPUB5                             00000005
WPUB6                             00000006
WPUB7                             00000007
WR                                00000001
WREN                              00000002
WRERR                             00000003
WUE                               00000001
Z                                 00000002
_BOR21V                           00003EFF
_BOR40V                           00003FFF
_BOR4V_BOR21V                     00003EFF
_BOR4V_BOR40V                     00003FFF
_BOREN_NSLEEP                     00003EFF
_BOREN_OFF                        00003CFF
_BOREN_ON                         00003FFF
_BOREN_SBODEN                     00003DFF
_BOR_NSLEEP                       00003EFF
_BOR_OFF                          00003CFF
_BOR_ON                           00003FFF
_BOR_SBODEN                       00003DFF
_CONFIG1                          00002007
_CONFIG2                          00002008
_CPD_OFF                          00003FFF
_CPD_ON                           00003F7F
_CP_OFF                           00003FFF
_CP_ON                            00003FBF
_DEBUG_OFF                        00003FFF
_DEBUG_ON                         00001FFF
_DEVID1                           00002006
_EC_OSC                           00003FFB
_EXTRC                            00003FFF
_EXTRCIO                          00003FFE
_EXTRC_OSC_CLKOUT                 00003FFF
_EXTRC_OSC_NOCLKOUT               00003FFE
_FCMEN_OFF                        000037FF
_FCMEN_ON                         00003FFF
_FOSC_EC                          00003FFB
_FOSC_EXTRC_CLKOUT                00003FFF
_FOSC_EXTRC_NOCLKOUT              00003FFE
_FOSC_HS                          00003FFA
_FOSC_INTRC_CLKOUT                00003FFD
_FOSC_INTRC_NOCLKOUT              00003FFC
_FOSC_LP                          00003FF8
_FOSC_XT                          00003FF9
MPASM 5.87                        LAB_06.ASM   11-2-2023  17:05:58         PAGE 14


SYMBOL TABLE
  LABEL                             VALUE 

_HS_OSC                           00003FFA
_IDLOC0                           00002000
_IDLOC1                           00002001
_IDLOC2                           00002002
_IDLOC3                           00002003
_IESO_OFF                         00003BFF
_IESO_ON                          00003FFF
_INTOSC                           00003FFD
_INTOSCIO                         00003FFC
_INTRC_OSC_CLKOUT                 00003FFD
_INTRC_OSC_NOCLKOUT               00003FFC
_LP_OSC                           00003FF8
_LVP_OFF                          00002FFF
_LVP_ON                           00003FFF
_MCLRE_OFF                        00003FDF
_MCLRE_ON                         00003FFF
_PWRTE_OFF                        00003FFF
_PWRTE_ON                         00003FEF
_WDTE_OFF                         00003FF7
_WDTE_ON                          00003FFF
_WDT_OFF                          00003FF7
_WDT_ON                           00003FFF
_WRT_1FOURTH                      00003BFF
_WRT_256                          00003DFF
_WRT_HALF                         000039FF
_WRT_OFF                          00003FFF
_XT_OSC                           00003FF9
__16F886                          00000001
currInput                         00000002
first                             0000000B
inputOverflow                     00000038
interNum                          00000005
num1                              00000003
num2                              00000004
second                            00000016
third                             00000026

Errors   :     0
Warnings :     6 reported,     0 suppressed
Messages :     7 reported,     0 suppressed

